[Bootstrap]
SetupTitle=Install
SetupText=Copying Files, please stand by.
CabFile=descasque.CAB
Spawn=Setup1.exe
Uninstal=st6unst.exe
TmpDir=msftqws.pdw
Cabs=1

[Bootstrap Files]
File1=@VB6STKIT.DLL,$(WinSysPathSysFile),,,7/15/00 12:00:00 AM,101888,6.0.84.50
File2=@COMCAT.DLL,$(WinSysPathSysFile),$(DLLSelfRegister),,5/31/98 12:00:00 AM,22288,4.71.1460.1
File3=@MSVBVM50.DLL,$(WinSysPathSysFile),$(DLLSelfRegister),,5/5/99 10:22:00 PM,1355776,5.1.43.19
File4=@ASYCFILT.DLL,$(WinSysPathSysFile),,,3/8/99 12:00:00 AM,147728,2.40.4275.1
File5=@OLEPRO32.DLL,$(WinSysPathSysFile),$(DLLSelfRegister),,3/8/99 12:00:00 AM,164112,5.0.4275.1
File6=@OLEAUT32.DLL,$(WinSysPathSysFile),$(DLLSelfRegister),,4/12/00 12:00:00 AM,598288,2.40.4275.1
File7=@STDOLE2.TLB,$(WinSysPathSysFile),$(TLBRegister),,6/3/99 12:00:00 AM,17920,2.40.4275.1
File8=@MSVCRT40.DLL,$(WinSysPathSysFile),,,6/1/99 12:00:00 AM,326656,4.22.0.0
File9=@msvbvm60.dll,$(WinSysPathSysFile),$(DLLSelfRegister),,8/21/00 12:00:00 AM,1388544,6.0.89.64

[IconGroups]
Group0=Descasque
PrivateGroup0=-1
Parent0=$(Programs)

[Descasque]
Icon1="descasque.exe"
Title1=Descasque
StartIn1=$(AppPath)

[Setup]
Title=Instalação do Descasque
DefaultDir=$(ProgramFiles)\Descasque
AppExe=descasque.exe
AppToUninstall=descasque.exe

[Setup1 Files]
File1=@MDAC_TYP.EXE,$(AppPath),,,10/2/03 4:25:46 PM,5556616,28.0.1022.3
File2=@MSCHRT20.OCX,$(WinSysPath),$(DLLSelfRegister),$(Shared),5/22/00 12:00:00 AM,1009336,6.0.88.4
File3=@msstdfmt.dll,$(WinSysPath),$(DLLSelfRegister),$(Shared),7/15/00 12:00:00 AM,118784,6.0.88.4
File4=@MSDATGRD.OCX,$(WinSysPath),$(DLLSelfRegister),$(Shared),12/6/00 12:00:00 AM,262328,6.0.89.88
File5=@MSCOMM32.OCX,$(WinSysPath),$(DLLSelfRegister),$(Shared),6/24/98 12:00:00 AM,103744,6.0.81.69
File6=@RepXHTM.dll,$(WinSysPath),$(DLLSelfRegister),$(Shared),1/25/04 1:12:02 AM,443392,1.1.0.60
File7=@CTL3D32.DLL,$(WinSysPathSysFile),,,5/5/99 10:22:00 PM,45056,2.31.0.0
File8=@ReportX.ocx,$(WinSysPath),$(DLLSelfRegister),$(Shared),6/5/04 3:38:12 PM,732672,1.4.0.81
File9=@tabctl32.ocx,$(WinSysPath),$(DLLSelfRegister),$(Shared),12/6/00 12:00:00 AM,209608,6.0.90.43
File10=@Msflxgrd.ocx,$(WinSysPath),$(DLLSelfRegister),$(Shared),3/21/01 4:34:02 PM,244232,6.0.84.18
File11=@MFC40.DLL,$(WinSysPathSysFile),$(DLLSelfRegister),,6/1/99 12:00:00 AM,924432,4.1.0.6140
File12=@THREED32.OCX,$(WinSysPath),$(DLLSelfRegister),$(Shared),6/26/98 8:22:24 PM,205848,1.0.41.0
File13=@MSMASK32.OCX,$(WinSysPath),$(DLLSelfRegister),$(Shared),5/22/00 12:00:00 AM,166600,6.0.84.18
File14=@MSVCRT.DLL,$(WinSysPathSysFile),,,5/4/01 12:05:02 PM,290869,6.1.8924.0
File15=@scrrun.dll,$(WinSysPath),$(DLLSelfRegister),$(Shared),6/26/01 4:39:42 PM,151601,5.6.0.6626
File16=@PcScale.dll,$(WinSysPath),,$(Shared),8/20/04 6:53:00 AM,122368,3.2.0.0
File17=@Descasque.exe,$(AppPath),,,9/2/04 9:34:52 AM,733184,2.0.0.4

; The following lines may be deleted in order to obtain extra 
; space for customizing this file on a full installation diskette.
; 
; XXXXXXXXXXXXXXXXXXXXXXXXXXXXXXXXXXXXXXXXXXXXXXXXXXXXXXXXXXXX
; XXXXXXXXXXXXXXXXXXXXXXXXXXXXXXXXXXXXXXXXXXXXXXXXXXXXXXXXXXXX
; XXXXXXXXXXXXXXXXXXXXXXXXXXXXXXXXXXXXXXXXXXXXXXXXXXXXXXXXXXXX
; XXXXXXXXXXXXXXXXXXXXXXXXXXXXXXXXXXXXXXXXXXXXXXXXXXXXXXXXXXXX
; XXXXXXXXXXXXXXXXXXXXXXXXXXXXXXXXXXXXXXXXXXXXXXXXXXXXXXXXXXXX
; XXXXXXXXXXXXXXXXXXXXXXXXXXXXXXXXXXXXXXXXXXXXXXXXXXXXXXXXXXXX
; XXXXXXXXXXXXXXXXXXXXXXXXXXXXXXXXXXXXXXXXXXXXXXXXXXXXXXXXXXXX
; XXXXXXXXXXXXXXXXXXXXXXXXXXXXXXXXXXXXXXXXXXXXXXXXXXXXXXXXXXXX
; XXXXXXXXXXXXXXXXXXXXXXXXXXXXXXXXXXXXXXXXXXXXXXXXXXXXXXXXXXXX
; XXXXXXXXXXXXXXXXXXXXXXXXXXXXXXXXXXXXXXXXXXXXXXXXXXXXXXXXXXXX
; XXXXXXXXXXXXXXXXXXXXXXXXXXXXXXXXXXXXXXXXXXXXXXXXXXXXXXXXXXXX
; XXXXXXXXXXXXXXXXXXXXXXXXXXXXXXXXXXXXXXXXXXXXXXXXXXXXXXXXXXXX
; XXXXXXXXXXXXXXXXXXXXXXXXXXXXXXXXXXXXXXXXXXXXXXXXXXXXXXXXXXXX
; XXXXXXXXXXXXXXXXXXXXXXXXXXXXXXXXXXXXXXXXXXXXXXXXXXXXXXXXXXXX
; XXXXXXXXXXXXXXXXXXXXXXXXXXXXXXXXXXXXXXXXXXXXXXXXXXXXXXXXXXXX
; XXXXXXXXXXXXXXXXXXXXXXXXXXXXXXXXXXXXXXXXXXXXXXXXXXXXXXXXXXXX
; XXXXXXXXXXXXXXXXXXXXXXXXXXXXXXXXXXXXXXXXXXXXXXXXXXXXXXXXXXXX
; XXXXXXXXXXXXXXXXXXXXXXXXXXXXXXXXXXXXXXXXXXXXXXXXXXXXXXXXXXXX
; XXXXXXXXXXXXXXXXXXXXXXXXXXXXXXXXXXXXXXXXXXXXXXXXXXXXXXXXXXXX
; XXXXXXXXXXXXXXXXXXXXXXXXXXXXXXXXXXXXXXXXXXXXXXXXXXXXXXXXXXXX
; XXXXXXXXXXXXXXXXXXXXXXXXXXXXXXXXXXXXXXXXXXXXXXXXXXXXXXXXXXXX
; XXXXXXXXXXXXXXXXXXXXXXXXXXXXXXXXXXXXXXXXXXXXXXXXXXXXXXXXXXXX
; XXXXXXXXXXXXXXXXXXXXXXXXXXXXXXXXXXXXXXXXXXXXXXXXXXXXXXXXXXXX
; XXXXXXXXXXXXXXXXXXXXXXXXXXXXXXXXXXXXXXXXXXXXXXXXXXXXXXXXXXXX
; XXXXXXXXXXXXXXXXXXXXXXXXXXXXXXXXXXXXXXXXXXXXXXXXXXXXXXXXXXXX
; XXXXXXXXXXXXXXXXXXXXXXXXXXXXXXXXXXXXXXXXXXXXXXXXXXXXXXXXXXXX
; XXXXXXXXXXXXXXXXXXXXXXXXXXXXXXXXXXXXXXXXXXXXXXXXXXXXXXXXXXXX
; XXXXXXXXXXXXXXXXXXXXXXXXXXXXXXXXXXXXXXXXXXXXXXXXXXXXXXXXXXXX
; XXXXXXXXXXXXXXXXXXXXXXXXXXXXXXXXXXXXXXXXXXXXXXXXXXXXXXXXXXXX
; XXXXXXXXXXXXXXXXXXXXXXXXXXXXXXXXXXXXXXXXXXXXXXXXXXXXXXXXXXXX
; XXXXXXXXXXXXXXXXXXXXXXXXXXXXXXXXXXXXXXXXXXXXXXXXXXXXXXXXXXXX
; XXXXXXXXXXXXXXXXXXXXXXXXXXXXXXXXXXXXXXXXXXXXXXXXXXXXXXXXXXXX
; XXXXXXXXXXXXXXXXXXXXXXXXXXXXXXXXXXXXXXXXXXXXXXXXXXXXXXXXXXXX
; XXXXXXXXXXXXXXXXXXXXXXXXXXXXXXXXXXXXXXXXXXXXXXXXXXXXXXXXXXXX
; XXXXXXXXXXXXXXXXXXXXXXXXXXXXXXXXXXXXXXXXXXXXXXXXXXXXXXXXXXXX
